<?xml version="1.0" encoding="UTF-8"?>
<!-- Generated by org.testng.reporters.JUnitReportReporter -->
<testsuite hostname="EXIPC0189" failures="0" tests="3" name="com.qa.testClass.LoginPageTest" time="34.071" errors="0" timestamp="2024-09-18T16:49:48 IST" skipped="0">
  <testcase classname="com.qa.testClass.LoginPageTest" name="invalidEmailErrText" time="8.452"/>
  <testcase classname="com.qa.testClass.LoginPageTest" name="validLogin" time="14.080"/>
  <testcase classname="com.qa.testClass.LoginPageTest" name="invalidPasswordErrText" time="11.539"/>
</testsuite> <!-- com.qa.testClass.LoginPageTest -->
