<?xml version="1.0" encoding="UTF-8"?>
<!-- Generated by org.testng.reporters.JUnitReportReporter -->
<testsuite hostname="EXIPC0189" failures="1" tests="3" name="com.qa.testClass.LoginPageTest" time="40.157" errors="0" timestamp="2024-09-23T20:03:19 IST" skipped="0">
  <testcase classname="com.qa.testClass.LoginPageTest" name="invalidEmailErrText" time="9.565">
    <failure message="expected [Email address not found.] but found [Email address not found.lalala]" type="java.lang.AssertionError">
      <![CDATA[java.lang.AssertionError: expected [Email address not found.] but found [Email address not found.lalala]
at org.testng.Assert.fail(Assert.java:111)
at org.testng.Assert.failNotEquals(Assert.java:1578)
at org.testng.Assert.assertEqualsImpl(Assert.java:150)
at org.testng.Assert.assertEquals(Assert.java:132)
at org.testng.Assert.assertEquals(Assert.java:656)
at org.testng.Assert.assertEquals(Assert.java:666)
at com.qa.testClass.LoginPageTest.invalidEmailErrText(LoginPageTest.java:91)
at java.base/jdk.internal.reflect.NativeMethodAccessorImpl.invoke0(Native Method)
at java.base/jdk.internal.reflect.NativeMethodAccessorImpl.invoke(NativeMethodAccessorImpl.java:77)
at java.base/jdk.internal.reflect.DelegatingMethodAccessorImpl.invoke(DelegatingMethodAccessorImpl.java:43)
at java.base/java.lang.reflect.Method.invoke(Method.java:568)
at org.testng.internal.invokers.MethodInvocationHelper.invokeMethod(MethodInvocationHelper.java:141)
at org.testng.internal.invokers.TestInvoker.invokeMethod(TestInvoker.java:686)
at org.testng.internal.invokers.TestInvoker.invokeTestMethod(TestInvoker.java:230)
at org.testng.internal.invokers.MethodRunner.runInSequence(MethodRunner.java:63)
at org.testng.internal.invokers.TestInvoker$MethodInvocationAgent.invoke(TestInvoker.java:992)
at org.testng.internal.invokers.TestInvoker.invokeTestMethods(TestInvoker.java:203)
at org.testng.internal.invokers.TestMethodWorker.invokeTestMethods(TestMethodWorker.java:154)
at org.testng.internal.invokers.TestMethodWorker.run(TestMethodWorker.java:134)
at java.base/java.util.ArrayList.forEach(ArrayList.java:1511)
at org.testng.TestRunner.privateRun(TestRunner.java:739)
at org.testng.TestRunner.run(TestRunner.java:614)
at org.testng.SuiteRunner.runTest(SuiteRunner.java:421)
at org.testng.SuiteRunner.runSequentially(SuiteRunner.java:413)
at org.testng.SuiteRunner.privateRun(SuiteRunner.java:373)
at org.testng.SuiteRunner.run(SuiteRunner.java:312)
at org.testng.SuiteRunnerWorker.runSuite(SuiteRunnerWorker.java:52)
at org.testng.SuiteRunnerWorker.run(SuiteRunnerWorker.java:95)
at org.testng.TestNG.runSuitesSequentially(TestNG.java:1274)
at org.testng.TestNG.runSuitesLocally(TestNG.java:1208)
at org.testng.TestNG.runSuites(TestNG.java:1112)
at org.testng.TestNG.run(TestNG.java:1079)
at org.testng.remote.AbstractRemoteTestNG.run(AbstractRemoteTestNG.java:115)
at org.testng.remote.RemoteTestNG.initAndRun(RemoteTestNG.java:293)
at org.testng.remote.RemoteTestNG.main(RemoteTestNG.java:91)
]]>
    </failure>
    <system-out>
      <![CDATA[This is the Screenshot of faile test cases
<a href='C:\Users\schoudhary\eclipse-workspace\SmartACProApp\ScreenShots\Android_13.0_Pixel_7\2024-09-23-20-02-29\LoginPageTest\invalidEmailErrText.png'> <img src='C:\Users\schoudhary\eclipse-workspace\SmartACProApp\ScreenShots\Android_13.0_Pixel_7\2024-09-23-20-02-29\LoginPageTest\invalidEmailErrText.png' height='400' width='400'/> </a>]]>
    </system-out>
  </testcase> <!-- invalidEmailErrText -->
  <testcase classname="com.qa.testClass.LoginPageTest" name="validLogin" time="16.715"/>
  <testcase classname="com.qa.testClass.LoginPageTest" name="invalidPasswordErrText" time="13.877"/>
  <system-out>
    <![CDATA[This is the Screenshot of faile test cases
<a href='C:\Users\schoudhary\eclipse-workspace\SmartACProApp\ScreenShots\Android_13.0_Pixel_7\2024-09-23-20-02-29\LoginPageTest\invalidEmailErrText.png'> <img src='C:\Users\schoudhary\eclipse-workspace\SmartACProApp\ScreenShots\Android_13.0_Pixel_7\2024-09-23-20-02-29\LoginPageTest\invalidEmailErrText.png' height='400' width='400'/> </a>]]>
  </system-out>
</testsuite> <!-- com.qa.testClass.LoginPageTest -->
